2025-06-27 19:40:57,826 INFO: WebSocket real-time updates stopped [in /home/sinnys/NIDPS/nidps/core/websocket_manager.py:77]
2025-06-27 19:40:57,826 INFO: WebSocket real-time updates stopped [in /home/sinnys/NIDPS/nidps/core/websocket_manager.py:77]
2025-06-27 19:40:57,827 INFO: NIDPS Engine Stopped. [in /home/sinnys/NIDPS/nidps/core/engine.py:221]
2025-06-27 19:40:57,827 INFO: NIDPS Engine Stopped. [in /home/sinnys/NIDPS/nidps/core/engine.py:221]
2025-06-27 19:43:54,095 INFO: NIDPS startup [in /home/sinnys/NIDPS/nidps/__init__.py:57]
2025-06-27 19:43:54,097 INFO: Prevention Engine initialized with 30 minute dwell time [in /home/sinnys/NIDPS/nidps/core/prevention.py:18]
2025-06-27 19:43:54,097 INFO: Rule added: {'rule_name': 'Admin Test Rule', 'protocol': 'TCP', 'conditions': {'dport': '9090'}, 'action': 'log'} [in /home/sinnys/NIDPS/nidps/core/engine.py:251]
2025-06-27 19:43:54,098 INFO: Rules reloaded from file [in /home/sinnys/NIDPS/nidps/core/engine.py:256]
2025-06-27 19:43:54,098 INFO: Rules reloaded from file [in /home/sinnys/NIDPS/nidps/core/engine.py:256]
2025-06-27 19:43:54,112 INFO: NIDPS startup [in /home/sinnys/NIDPS/nidps/__init__.py:57]
2025-06-27 19:43:54,112 INFO: NIDPS startup [in /home/sinnys/NIDPS/nidps/__init__.py:57]
2025-06-27 19:44:38,980 INFO: NIDPS startup [in /home/sinnys/NIDPS/nidps/__init__.py:57]
2025-06-27 19:44:50,826 INFO: Prevention Engine initialized with 30 minute dwell time [in /home/sinnys/NIDPS/nidps/core/prevention.py:18]
2025-06-27 19:44:52,954 INFO: Rules reloaded from file [in /home/sinnys/NIDPS/nidps/core/engine.py:256]
2025-06-27 19:44:55,126 INFO: Rules reloaded from file [in /home/sinnys/NIDPS/nidps/core/engine.py:256]
2025-06-27 19:44:55,428 INFO: Rules reloaded from file [in /home/sinnys/NIDPS/nidps/core/engine.py:256]
2025-06-27 19:45:02,395 INFO: Rules reloaded from file [in /home/sinnys/NIDPS/nidps/core/engine.py:256]
2025-06-27 19:45:15,649 INFO: Rule added: {'rule_name': 'testrules1234', 'protocol': 'UDP', 'conditions': {}, 'action': 'log'} [in /home/sinnys/NIDPS/nidps/core/engine.py:251]
2025-06-27 19:45:15,649 INFO: Rules reloaded from file [in /home/sinnys/NIDPS/nidps/core/engine.py:256]
2025-06-27 19:45:15,707 INFO: Rules reloaded from file [in /home/sinnys/NIDPS/nidps/core/engine.py:256]
2025-06-27 19:45:23,386 INFO: Rules reloaded from file [in /home/sinnys/NIDPS/nidps/core/engine.py:256]
2025-06-27 19:46:54,626 INFO: Rules reloaded from file [in /home/sinnys/NIDPS/nidps/core/engine.py:256]
2025-06-27 19:47:14,660 INFO: NIDPS startup [in /home/sinnys/NIDPS/nidps/__init__.py:57]
2025-06-27 19:47:24,732 INFO: Rules reloaded from file [in /home/sinnys/NIDPS/nidps/core/engine.py:256]
2025-06-27 19:47:30,977 INFO: Rules reloaded from file [in /home/sinnys/NIDPS/nidps/core/engine.py:256]
2025-06-27 19:47:32,309 INFO: Rules reloaded from file [in /home/sinnys/NIDPS/nidps/core/engine.py:256]
2025-06-27 19:48:02,923 INFO: NIDPS startup [in /home/sinnys/NIDPS/nidps/__init__.py:57]
2025-06-27 19:48:05,391 INFO: Prevention Engine initialized with 30 minute dwell time [in /home/sinnys/NIDPS/nidps/core/prevention.py:18]
2025-06-27 19:48:05,392 INFO: Rules reloaded from file [in /home/sinnys/NIDPS/nidps/core/engine.py:256]
2025-06-27 19:48:07,145 INFO: Rules reloaded from file [in /home/sinnys/NIDPS/nidps/core/engine.py:256]
2025-06-27 19:48:10,127 INFO: Rules reloaded from file [in /home/sinnys/NIDPS/nidps/core/engine.py:256]
2025-06-27 19:48:10,152 INFO: Rules reloaded from file [in /home/sinnys/NIDPS/nidps/core/engine.py:256]
2025-06-27 19:48:31,288 INFO: Rules reloaded from file [in /home/sinnys/NIDPS/nidps/core/engine.py:256]
2025-06-27 19:48:31,315 INFO: Rules reloaded from file [in /home/sinnys/NIDPS/nidps/core/engine.py:256]
